#
# A fatal error has been detected by the Java Runtime Environment:
#
#  EXCEPTION_ACCESS_VIOLATION (0xc0000005) at pc=0x0ce0de7a, pid=1004, tid=3228
#
# JRE version: 7.0_17-b02
# Java VM: Java HotSpot(TM) Client VM (23.7-b01 mixed mode, sharing windows-x86 )
# Problematic frame:
# C  [OpenAL32.dll+0xde7a]  alProcessUpdatesSOFT+0x122f
#
# Failed to write core dump. Minidumps are not enabled by default on client versions of Windows
#
# If you would like to submit a bug report, please visit:
#   http://bugreport.sun.com/bugreport/crash.jsp
# The crash happened outside the Java Virtual Machine in native code.
# See problematic frame for where to report the bug.
#

---------------  T H R E A D  ---------------

Current thread (0x003e8c00):  JavaThread "main" [_thread_in_native, id=3228, stack(0x00910000,0x00960000)]

siginfo: ExceptionCode=0xc0000005, reading address 0x0ba73004

Registers:
EAX=0x0ba73004, EBX=0x00000001, ECX=0x0ce70050, EDX=0x00000002
ESP=0x0095f148, EBP=0x0095f178, ESI=0x0ce70050, EDI=0x0ba72fbc
EIP=0x0ce0de7a, EFLAGS=0x00210206

Top of Stack: (sp=0x0095f148)
0x0095f148:   00000001 0ce70050 00000004 00000002
0x0095f158:   000000ff 003e9038 003e7628 0ce0e54a
0x0095f168:   00000004 0000ac44 00000012 32dde640
0x0095f178:   0095f18c 0ce0ef0d 003e8c00 32dde640
0x0095f188:   32dde640 0095f1e4 10005aa0 0ce70050
0x0095f198:   0ba72fbc 0099a717 003e8d28 0095f1ec
0x0095f1a8:   0ce70050 00000000 0ba72fbc 00000000
0x0095f1b8:   32ba4270 003e947c 003e947c 0095f1c4 

Instructions: (pc=0x0ce0de7a)
0x0ce0de5a:   02 8b d9 2b cb 89 4d e0 81 fa 03 00 02 00 75 06
0x0ce0de6a:   8b 40 04 89 45 f0 83 45 f8 02 8b 45 f8 8d 04 87
0x0ce0de7a:   83 38 00 75 b3 8d 45 f4 50 68 7c e8 e3 0c 6a 00
0x0ce0de8a:   e8 6a 4e 00 00 b8 40 1f 00 00 83 c4 0c 39 45 f4 


Register to memory mapping:

EAX=0x0ba73004 is an unknown value
EBX=0x00000001 is an unknown value
ECX=0x0ce70050 is an unknown value
EDX=0x00000002 is an unknown value
ESP=0x0095f148 is pointing into the stack for thread: 0x003e8c00
EBP=0x0095f178 is pointing into the stack for thread: 0x003e8c00
ESI=0x0ce70050 is an unknown value
EDI=0x0ba72fbc is an unknown value


Stack: [0x00910000,0x00960000],  sp=0x0095f148,  free space=316k
Native frames: (J=compiled Java code, j=interpreted, Vv=VM code, C=native code)
C  [OpenAL32.dll+0xde7a]  alProcessUpdatesSOFT+0x122f
C  [OpenAL32.dll+0xef0d]  alcCreateContext+0x45
C  [lwjgl.dll+0x5aa0]  Java_org_lwjgl_openal_AL11_initNativeStubs+0x470
j  org.lwjgl.openal.ALC10.alcCreateContext(Lorg/lwjgl/openal/ALCdevice;Ljava/nio/IntBuffer;)Lorg/lwjgl/openal/ALCcontext;+8
j  org.lwjgl.openal.AL.init(Ljava/lang/String;IIZZ)V+69
j  org.lwjgl.openal.AL.create(Ljava/lang/String;IIZZ)V+227
j  org.lwjgl.openal.AL.create(Ljava/lang/String;IIZ)V+5
j  org.lwjgl.openal.AL.create()V+6
j  org.newdawn.slick.openal.SoundStore$1.run()Ljava/lang/Object;+0
v  ~StubRoutines::call_stub
V  [jvm.dll+0x12a34a]
V  [jvm.dll+0x1d968e]
V  [jvm.dll+0x12a3cd]
V  [jvm.dll+0xd9d0a]
C  [java.dll+0x1015]  Java_java_security_AccessController_doPrivileged__Ljava_security_PrivilegedAction_2+0x15
j  org.newdawn.slick.openal.SoundStore.init()V+26
j  org.newdawn.slick.Music.<init>(Ljava/net/URL;Z)V+29
j  org.newdawn.slick.Music.<init>(Ljava/net/URL;)V+3
j  voyagequest.Res.<clinit>()V+268
v  ~StubRoutines::call_stub
V  [jvm.dll+0x12a34a]
V  [jvm.dll+0x1d968e]
V  [jvm.dll+0x12a3cd]
V  [jvm.dll+0x8b738]
V  [jvm.dll+0x8c1f0]
V  [jvm.dll+0x8c5f2]
V  [jvm.dll+0x8c989]
V  [jvm.dll+0x1357d1]
V  [jvm.dll+0xd51bf]
C  [java.dll+0x7dfa]  Java_sun_reflect_NativeConstructorAccessorImpl_newInstance0+0x11
j  sun.reflect.NativeConstructorAccessorImpl.newInstance([Ljava/lang/Object;)Ljava/lang/Object;+72
j  sun.reflect.DelegatingConstructorAccessorImpl.newInstance([Ljava/lang/Object;)Ljava/lang/Object;+5
j  java.lang.reflect.Constructor.newInstance([Ljava/lang/Object;)Ljava/lang/Object;+80
j  com.google.gson.internal.ConstructorConstructor$2.construct()Ljava/lang/Object;+7
j  com.google.gson.internal.bind.ReflectiveTypeAdapterFactory$Adapter.read(Lcom/google/gson/stream/JsonReader;)Ljava/lang/Object;+20
j  com.google.gson.Gson.fromJson(Lcom/google/gson/stream/JsonReader;Ljava/lang/reflect/Type;)Ljava/lang/Object;+33
j  com.google.gson.Gson.fromJson(Ljava/io/Reader;Ljava/lang/Class;)Ljava/lang/Object;+12
j  voyagequest.JsonReader.readJson()Z+70
j  voyagequest.VoyageQuest.init(Lorg/newdawn/slick/GameContainer;)V+31
j  org.newdawn.slick.AppGameContainer.setup()V+170
j  org.newdawn.slick.AppGameContainer.start()V+1
j  voyagequest.VoyageQuest.main([Ljava/lang/String;)V+40
v  ~StubRoutines::call_stub
V  [jvm.dll+0x12a34a]
V  [jvm.dll+0x1d968e]
V  [jvm.dll+0x12a3cd]
V  [jvm.dll+0xaede4]
V  [jvm.dll+0xb9157]
C  [java.exe+0x205f]
C  [java.exe+0xa591]
C  [java.exe+0xa61b]
C  [kernel32.dll+0xb729]  GetModuleFileNameA+0x1ba

Java frames: (J=compiled Java code, j=interpreted, Vv=VM code)
j  org.lwjgl.openal.ALC10.nalcCreateContext(JJ)J+0
j  org.lwjgl.openal.ALC10.alcCreateContext(Lorg/lwjgl/openal/ALCdevice;Ljava/nio/IntBuffer;)Lorg/lwjgl/openal/ALCcontext;+8
j  org.lwjgl.openal.AL.init(Ljava/lang/String;IIZZ)V+69
j  org.lwjgl.openal.AL.create(Ljava/lang/String;IIZZ)V+227
j  org.lwjgl.openal.AL.create(Ljava/lang/String;IIZ)V+5
j  org.lwjgl.openal.AL.create()V+6
j  org.newdawn.slick.openal.SoundStore$1.run()Ljava/lang/Object;+0
v  ~StubRoutines::call_stub
j  java.security.AccessController.doPrivileged(Ljava/security/PrivilegedAction;)Ljava/lang/Object;+0
j  org.newdawn.slick.openal.SoundStore.init()V+26
j  org.newdawn.slick.Music.<init>(Ljava/net/URL;Z)V+29
j  org.newdawn.slick.Music.<init>(Ljava/net/URL;)V+3
j  voyagequest.Res.<clinit>()V+268
v  ~StubRoutines::call_stub
j  sun.reflect.NativeConstructorAccessorImpl.newInstance0(Ljava/lang/reflect/Constructor;[Ljava/lang/Object;)Ljava/lang/Object;+0
j  sun.reflect.NativeConstructorAccessorImpl.newInstance([Ljava/lang/Object;)Ljava/lang/Object;+72
j  sun.reflect.DelegatingConstructorAccessorImpl.newInstance([Ljava/lang/Object;)Ljava/lang/Object;+5
j  java.lang.reflect.Constructor.newInstance([Ljava/lang/Object;)Ljava/lang/Object;+80
j  com.google.gson.internal.ConstructorConstructor$2.construct()Ljava/lang/Object;+7
j  com.google.gson.internal.bind.ReflectiveTypeAdapterFactory$Adapter.read(Lcom/google/gson/stream/JsonReader;)Ljava/lang/Object;+20
j  com.google.gson.Gson.fromJson(Lcom/google/gson/stream/JsonReader;Ljava/lang/reflect/Type;)Ljava/lang/Object;+33
j  com.google.gson.Gson.fromJson(Ljava/io/Reader;Ljava/lang/Class;)Ljava/lang/Object;+12
j  voyagequest.JsonReader.readJson()Z+70
j  voyagequest.VoyageQuest.init(Lorg/newdawn/slick/GameContainer;)V+31
j  org.newdawn.slick.AppGameContainer.setup()V+170
j  org.newdawn.slick.AppGameContainer.start()V+1
j  voyagequest.VoyageQuest.main([Ljava/lang/String;)V+40
v  ~StubRoutines::call_stub

---------------  P R O C E S S  ---------------

Java Threads: ( => current thread )
  0x03048000 JavaThread "Thread-2" daemon [_thread_in_native, id=1556, stack(0x0b950000,0x0b9a0000)]
  0x02b6c400 JavaThread "Service Thread" daemon [_thread_blocked, id=2396, stack(0x02e50000,0x02ea0000)]
  0x02b67400 JavaThread "C1 CompilerThread0" daemon [_thread_blocked, id=2428, stack(0x02e00000,0x02e50000)]
  0x02b64c00 JavaThread "Attach Listener" daemon [_thread_blocked, id=2160, stack(0x02db0000,0x02e00000)]
  0x02b63800 JavaThread "Signal Dispatcher" daemon [_thread_blocked, id=716, stack(0x02d60000,0x02db0000)]
  0x02b54800 JavaThread "Finalizer" daemon [_thread_blocked, id=1824, stack(0x02d10000,0x02d60000)]
  0x02b4fc00 JavaThread "Reference Handler" daemon [_thread_blocked, id=4052, stack(0x02cc0000,0x02d10000)]
=>0x003e8c00 JavaThread "main" [_thread_in_native, id=3228, stack(0x00910000,0x00960000)]

Other Threads:
  0x02b4e000 VMThread [stack: 0x02c70000,0x02cc0000] [id=2336]
  0x02b7f400 WatcherThread [stack: 0x02ea0000,0x02ef0000] [id=4060]

VM state:not at safepoint (normal execution)

VM Mutex/Monitor currently owned by a thread: None

Heap
 def new generation   total 4928K, used 4777K [0x22b00000, 0x23050000, 0x28050000)
  eden space 4416K,  96% used [0x22b00000, 0x22f2a710, 0x22f50000)
  from space 512K, 100% used [0x22f50000, 0x22fd0000, 0x22fd0000)
  to   space 512K,   0% used [0x22fd0000, 0x22fd0000, 0x23050000)
 tenured generation   total 10944K, used 5121K [0x28050000, 0x28b00000, 0x32b00000)
   the space 10944K,  46% used [0x28050000, 0x28550608, 0x28550800, 0x28b00000)
 compacting perm gen  total 12288K, used 2948K [0x32b00000, 0x33700000, 0x36b00000)
   the space 12288K,  23% used [0x32b00000, 0x32de1188, 0x32de1200, 0x33700000)
    ro space 10240K,  45% used [0x36b00000, 0x36f873d8, 0x36f87400, 0x37500000)
    rw space 12288K,  54% used [0x37500000, 0x37b8acc8, 0x37b8ae00, 0x38100000)

Card table byte_map: [0x02a10000,0x02ac0000] byte_map_base: 0x028fa800

Polling page: 0x00960000

Code Cache  [0x00990000, 0x00ac8000, 0x02990000)
 total_blobs=592 nmethods=356 adapters=171 free_code_cache=31548Kb largest_free_block=32305728

Compilation events (10 events):
Event: 7.024 Thread 0x02b67400  352             java.util.Vector::elementData (7 bytes)
Event: 7.024 Thread 0x02b67400 nmethod 352 0x00abf388 code [0x00abf480, 0x00abf520]
Event: 7.026 Thread 0x02b67400  353             java.lang.reflect.Modifier::isPublic (12 bytes)
Event: 7.026 Thread 0x02b67400 nmethod 353 0x00abf5c8 code [0x00abf6c0, 0x00abf740]
Event: 7.026 Thread 0x02b67400  354   !         com.sun.org.apache.xerces.internal.parsers.XML11Configuration::setFeature (155 bytes)
Event: 7.028 Thread 0x02b67400 nmethod 354 0x00abf788 code [0x00abf950, 0x00abfe78]
Event: 7.031 Thread 0x02b67400  355  s          java.util.Vector::addElement (38 bytes)
Event: 7.032 Thread 0x02b67400 nmethod 355 0x00ac06c8 code [0x00ac07e0, 0x00ac0a6c]
Event: 7.049 Thread 0x02b67400  356             java.net.URL::getQuery (5 bytes)
Event: 7.049 Thread 0x02b67400 nmethod 356 0x00ac0c08 code [0x00ac0d00, 0x00ac0d80]

GC Heap History (10 events):
Event: 1.053 GC heap before
{Heap before GC invocations=1 (full 0):
 def new generation   total 4928K, used 4928K [0x22b00000, 0x23050000, 0x28050000)
  eden space 4416K, 100% used [0x22b00000, 0x22f50000, 0x22f50000)
  from space 512K, 100% used [0x22fd0000, 0x23050000, 0x23050000)
  to   space 512K,   0% used [0x22f50000, 0x22f50000, 0x22fd0000)
 tenured generation   total 10944K, used 666K [0x28050000, 0x28b00000, 0x32b00000)
   the space 10944K,   6% used [0x28050000, 0x280f6a18, 0x280f6c00, 0x28b00000)
 compacting perm gen  total 12288K, used 2086K [0x32b00000, 0x33700000, 0x36b00000)
   the space 12288K,  16% used [0x32b00000, 0x32d09bd0, 0x32d09c00, 0x33700000)
    ro space 10240K,  45% used [0x36b00000, 0x36f873d8, 0x36f87400, 0x37500000)
    rw space 12288K,  54% used [0x37500000, 0x37b8acc8, 0x37b8ae00, 0x38100000)
Event: 1.061 GC heap after
Heap after GC invocations=2 (full 0):
 def new generation   total 4928K, used 512K [0x22b00000, 0x23050000, 0x28050000)
  eden space 4416K,   0% used [0x22b00000, 0x22b00000, 0x22f50000)
  from space 512K, 100% used [0x22f50000, 0x22fd0000, 0x22fd0000)
  to   space 512K,   0% used [0x22fd0000, 0x22fd0000, 0x23050000)
 tenured generation   total 10944K, used 1750K [0x28050000, 0x28b00000, 0x32b00000)
   the space 10944K,  15% used [0x28050000, 0x28205858, 0x28205a00, 0x28b00000)
 compacting perm gen  total 12288K, used 2086K [0x32b00000, 0x33700000, 0x36b00000)
   the space 12288K,  16% used [0x32b00000, 0x32d09bd0, 0x32d09c00, 0x33700000)
    ro space 10240K,  45% used [0x36b00000, 0x36f873d8, 0x36f87400, 0x37500000)
    rw space 12288K,  54% used [0x37500000, 0x37b8acc8, 0x37b8ae00, 0x38100000)
}
Event: 1.856 GC heap before
{Heap before GC invocations=2 (full 0):
 def new generation   total 4928K, used 4812K [0x22b00000, 0x23050000, 0x28050000)
  eden space 4416K,  97% used [0x22b00000, 0x22f33080, 0x22f50000)
  from space 512K, 100% used [0x22f50000, 0x22fd0000, 0x22fd0000)
  to   space 512K,   0% used [0x22fd0000, 0x22fd0000, 0x23050000)
 tenured generation   total 10944K, used 1750K [0x28050000, 0x28b00000, 0x32b00000)
   the space 10944K,  15% used [0x28050000, 0x28205858, 0x28205a00, 0x28b00000)
 compacting perm gen  total 12288K, used 2893K [0x32b00000, 0x33700000, 0x36b00000)
   the space 12288K,  23% used [0x32b00000, 0x32dd3560, 0x32dd3600, 0x33700000)
    ro space 10240K,  45% used [0x36b00000, 0x36f873d8, 0x36f87400, 0x37500000)
    rw space 12288K,  54% used [0x37500000, 0x37b8acc8, 0x37b8ae00, 0x38100000)
Event: 1.864 GC heap after
Heap after GC invocations=3 (full 0):
 def new generation   total 4928K, used 512K [0x22b00000, 0x23050000, 0x28050000)
  eden space 4416K,   0% used [0x22b00000, 0x22b00000, 0x22f50000)
  from space 512K, 100% used [0x22fd0000, 0x23050000, 0x23050000)
  to   space 512K,   0% used [0x22f50000, 0x22f50000, 0x22fd0000)
 tenured generation   total 10944K, used 2235K [0x28050000, 0x28b00000, 0x32b00000)
   the space 10944K,  20% used [0x28050000, 0x2827eca8, 0x2827ee00, 0x28b00000)
 compacting perm gen  total 12288K, used 2893K [0x32b00000, 0x33700000, 0x36b00000)
   the space 12288K,  23% used [0x32b00000, 0x32dd3560, 0x32dd3600, 0x33700000)
    ro space 10240K,  45% used [0x36b00000, 0x36f873d8, 0x36f87400, 0x37500000)
    rw space 12288K,  54% used [0x37500000, 0x37b8acc8, 0x37b8ae00, 0x38100000)
}
Event: 3.683 GC heap before
{Heap before GC invocations=3 (full 0):
 def new generation   total 4928K, used 4925K [0x22b00000, 0x23050000, 0x28050000)
  eden space 4416K,  99% used [0x22b00000, 0x22f4f4c0, 0x22f50000)
  from space 512K, 100% used [0x22fd0000, 0x23050000, 0x23050000)
  to   space 512K,   0% used [0x22f50000, 0x22f50000, 0x22fd0000)
 tenured generation   total 10944K, used 2235K [0x28050000, 0x28b00000, 0x32b00000)
   the space 10944K,  20% used [0x28050000, 0x2827eca8, 0x2827ee00, 0x28b00000)
 compacting perm gen  total 12288K, used 2896K [0x32b00000, 0x33700000, 0x36b00000)
   the space 12288K,  23% used [0x32b00000, 0x32dd41e0, 0x32dd4200, 0x33700000)
    ro space 10240K,  45% used [0x36b00000, 0x36f873d8, 0x36f87400, 0x37500000)
    rw space 12288K,  54% used [0x37500000, 0x37b8acc8, 0x37b8ae00, 0x38100000)
Event: 3.690 GC heap after
Heap after GC invocations=4 (full 0):
 def new generation   total 4928K, used 512K [0x22b00000, 0x23050000, 0x28050000)
  eden space 4416K,   0% used [0x22b00000, 0x22b00000, 0x22f50000)
  from space 512K, 100% used [0x22f50000, 0x22fd0000, 0x22fd0000)
  to   space 512K,   0% used [0x22fd0000, 0x22fd0000, 0x23050000)
 tenured generation   total 10944K, used 3157K [0x28050000, 0x28b00000, 0x32b00000)
   the space 10944K,  28% used [0x28050000, 0x283655f0, 0x28365600, 0x28b00000)
 compacting perm gen  total 12288K, used 2896K [0x32b00000, 0x33700000, 0x36b00000)
   the space 12288K,  23% used [0x32b00000, 0x32dd41e0, 0x32dd4200, 0x33700000)
    ro space 10240K,  45% used [0x36b00000, 0x36f873d8, 0x36f87400, 0x37500000)
    rw space 12288K,  54% used [0x37500000, 0x37b8acc8, 0x37b8ae00, 0x38100000)
}
Event: 5.271 GC heap before
{Heap before GC invocations=4 (full 0):
 def new generation   total 4928K, used 4163K [0x22b00000, 0x23050000, 0x28050000)
  eden space 4416K,  82% used [0x22b00000, 0x22e90f40, 0x22f50000)
  from space 512K, 100% used [0x22f50000, 0x22fd0000, 0x22fd0000)
  to   space 512K,   0% used [0x22fd0000, 0x22fd0000, 0x23050000)
 tenured generation   total 10944K, used 3157K [0x28050000, 0x28b00000, 0x32b00000)
   the space 10944K,  28% used [0x28050000, 0x283655f0, 0x28365600, 0x28b00000)
 compacting perm gen  total 12288K, used 2898K [0x32b00000, 0x33700000, 0x36b00000)
   the space 12288K,  23% used [0x32b00000, 0x32dd4940, 0x32dd4a00, 0x33700000)
    ro space 10240K,  45% used [0x36b00000, 0x36f873d8, 0x36f87400, 0x37500000)
    rw space 12288K,  54% used [0x37500000, 0x37b8acc8, 0x37b8ae00, 0x38100000)
Event: 5.276 GC heap after
Heap after GC invocations=5 (full 0):
 def new generation   total 4928K, used 512K [0x22b00000, 0x23050000, 0x28050000)
  eden space 4416K,   0% used [0x22b00000, 0x22b00000, 0x22f50000)
  from space 512K, 100% used [0x22fd0000, 0x23050000, 0x23050000)
  to   space 512K,   0% used [0x22f50000, 0x22f50000, 0x22fd0000)
 tenured generation   total 10944K, used 3862K [0x28050000, 0x28b00000, 0x32b00000)
   the space 10944K,  35% used [0x28050000, 0x28415a68, 0x28415c00, 0x28b00000)
 compacting perm gen  total 12288K, used 2898K [0x32b00000, 0x33700000, 0x36b00000)
   the space 12288K,  23% used [0x32b00000, 0x32dd4940, 0x32dd4a00, 0x33700000)
    ro space 10240K,  45% used [0x36b00000, 0x36f873d8, 0x36f87400, 0x37500000)
    rw space 12288K,  54% used [0x37500000, 0x37b8acc8, 0x37b8ae00, 0x38100000)
}
Event: 6.457 GC heap before
{Heap before GC invocations=5 (full 0):
 def new generation   total 4928K, used 4928K [0x22b00000, 0x23050000, 0x28050000)
  eden space 4416K, 100% used [0x22b00000, 0x22f50000, 0x22f50000)
  from space 512K, 100% used [0x22fd0000, 0x23050000, 0x23050000)
  to   space 512K,   0% used [0x22f50000, 0x22f50000, 0x22fd0000)
 tenured generation   total 10944K, used 3862K [0x28050000, 0x28b00000, 0x32b00000)
   the space 10944K,  35% used [0x28050000, 0x28415a68, 0x28415c00, 0x28b00000)
 compacting perm gen  total 12288K, used 2898K [0x32b00000, 0x33700000, 0x36b00000)
   the space 12288K,  23% used [0x32b00000, 0x32dd4960, 0x32dd4a00, 0x33700000)
    ro space 10240K,  45% used [0x36b00000, 0x36f873d8, 0x36f87400, 0x37500000)
    rw space 12288K,  54% used [0x37500000, 0x37b8acc8, 0x37b8ae00, 0x38100000)
Event: 6.464 GC heap after
Heap after GC invocations=6 (full 0):
 def new generation   total 4928K, used 512K [0x22b00000, 0x23050000, 0x28050000)
  eden space 4416K,   0% used [0x22b00000, 0x22b00000, 0x22f50000)
  from space 512K, 100% used [0x22f50000, 0x22fd0000, 0x22fd0000)
  to   space 512K,   0% used [0x22fd0000, 0x22fd0000, 0x23050000)
 tenured generation   total 10944K, used 5121K [0x28050000, 0x28b00000, 0x32b00000)
   the space 10944K,  46% used [0x28050000, 0x28550608, 0x28550800, 0x28b00000)
 compacting perm gen  total 12288K, used 2898K [0x32b00000, 0x33700000, 0x36b00000)
   the space 12288K,  23% used [0x32b00000, 0x32dd4960, 0x32dd4a00, 0x33700000)
    ro space 10240K,  45% used [0x36b00000, 0x36f873d8, 0x36f87400, 0x37500000)
    rw space 12288K,  54% used [0x37500000, 0x37b8acc8, 0x37b8ae00, 0x38100000)
}

Deoptimization events (0 events):
No events

Internal exceptions (10 events):
Event: 7.053 Thread 0x003e8c00 Threw 0x22f094c8 at C:\jdk7u2_32P\jdk7u17\hotspot\src\share\vm\prims\jvm.cpp:1166
Event: 7.053 Thread 0x003e8c00 Threw 0x22f09e98 at C:\jdk7u2_32P\jdk7u17\hotspot\src\share\vm\prims\jvm.cpp:1166
Event: 7.055 Thread 0x003e8c00 Threw 0x22f0af48 at C:\jdk7u2_32P\jdk7u17\hotspot\src\share\vm\prims\jni.cpp:716
Event: 7.055 Thread 0x003e8c00 Threw 0x22f0b5c8 at C:\jdk7u2_32P\jdk7u17\hotspot\src\share\vm\prims\jni.cpp:716
Event: 7.055 Thread 0x003e8c00 Threw 0x22f0bc08 at C:\jdk7u2_32P\jdk7u17\hotspot\src\share\vm\prims\jni.cpp:716
Event: 7.058 Thread 0x003e8c00 Threw 0x22f0c650 at C:\jdk7u2_32P\jdk7u17\hotspot\src\share\vm\prims\jvm.cpp:1166
Event: 7.061 Thread 0x003e8c00 Threw 0x22f17ab0 at C:\jdk7u2_32P\jdk7u17\hotspot\src\share\vm\prims\jvm.cpp:1166
Event: 7.238 Thread 0x003e8c00 Threw 0x22f1eb50 at C:\jdk7u2_32P\jdk7u17\hotspot\src\share\vm\prims\jvm.cpp:1166
Event: 7.239 Thread 0x003e8c00 Threw 0x22f22dc8 at C:\jdk7u2_32P\jdk7u17\hotspot\src\share\vm\prims\jvm.cpp:1166
Event: 7.240 Thread 0x003e8c00 Threw 0x22f26b38 at C:\jdk7u2_32P\jdk7u17\hotspot\src\share\vm\prims\jvm.cpp:1166

Events (10 events):
Event: 7.058 loading class 0x0ba47960
Event: 7.058 loading class 0x0ba47960 done
Event: 7.061 loading class 0x030b49d8
Event: 7.061 loading class 0x030b49d8 done
Event: 7.238 loading class 0x0bb3de20
Event: 7.238 loading class 0x0bb3de20 done
Event: 7.239 loading class 0x030b4b20
Event: 7.239 loading class 0x030b4b20 done
Event: 7.240 loading class 0x0bb3de50
Event: 7.240 loading class 0x0bb3de50 done


Dynamic libraries:
0x00400000 - 0x0042f000 	C:\Program Files\Java\jdk1.7.0_17\jre\bin\java.exe
0x7c900000 - 0x7c9b2000 	C:\WINDOWS\system32\ntdll.dll
0x7c800000 - 0x7c8f6000 	C:\WINDOWS\system32\kernel32.dll
0x77dd0000 - 0x77e6b000 	C:\WINDOWS\system32\ADVAPI32.dll
0x77e70000 - 0x77f03000 	C:\WINDOWS\system32\RPCRT4.dll
0x77fe0000 - 0x77ff1000 	C:\WINDOWS\system32\Secur32.dll
0x7e410000 - 0x7e4a1000 	C:\WINDOWS\system32\USER32.dll
0x77f10000 - 0x77f59000 	C:\WINDOWS\system32\GDI32.dll
0x773d0000 - 0x774d3000 	C:\WINDOWS\WinSxS\x86_Microsoft.Windows.Common-Controls_6595b64144ccf1df_6.0.2600.6028_x-ww_61e65202\COMCTL32.dll
0x77c10000 - 0x77c68000 	C:\WINDOWS\system32\msvcrt.dll
0x77f60000 - 0x77fd6000 	C:\WINDOWS\system32\SHLWAPI.dll
0x76390000 - 0x763ad000 	C:\WINDOWS\system32\IMM32.DLL
0x629c0000 - 0x629c9000 	C:\WINDOWS\system32\LPK.DLL
0x74d90000 - 0x74dfb000 	C:\WINDOWS\system32\USP10.dll
0x78aa0000 - 0x78b5e000 	C:\Program Files\Java\jdk1.7.0_17\jre\bin\msvcr100.dll
0x6e8c0000 - 0x6ec0c000 	C:\Program Files\Java\jdk1.7.0_17\jre\bin\client\jvm.dll
0x71ad0000 - 0x71ad9000 	C:\WINDOWS\system32\WSOCK32.dll
0x71ab0000 - 0x71ac7000 	C:\WINDOWS\system32\WS2_32.dll
0x71aa0000 - 0x71aa8000 	C:\WINDOWS\system32\WS2HELP.dll
0x76b40000 - 0x76b6d000 	C:\WINDOWS\system32\WINMM.dll
0x76bf0000 - 0x76bfb000 	C:\WINDOWS\system32\PSAPI.DLL
0x6e810000 - 0x6e81c000 	C:\Program Files\Java\jdk1.7.0_17\jre\bin\verify.dll
0x6d590000 - 0x6d5b0000 	C:\Program Files\Java\jdk1.7.0_17\jre\bin\java.dll
0x6e8a0000 - 0x6e8b3000 	C:\Program Files\Java\jdk1.7.0_17\jre\bin\zip.dll
0x10000000 - 0x1004c000 	C:\Documents and Settings\Paul Qiu\My Documents\NetBeansProjects\voyagequest\VoyageQuest\lib\CodingVoyage\lwjgl-2.9\native\windows\lwjgl.dll
0x5ed00000 - 0x5edcc000 	C:\WINDOWS\system32\OPENGL32.dll
0x68b20000 - 0x68b40000 	C:\WINDOWS\system32\GLU32.dll
0x73760000 - 0x737ab000 	C:\WINDOWS\system32\DDRAW.dll
0x73bc0000 - 0x73bc6000 	C:\WINDOWS\system32\DCIMAN32.dll
0x77c00000 - 0x77c08000 	C:\WINDOWS\system32\VERSION.dll
0x6e5b0000 - 0x6e5c4000 	C:\Program Files\Java\jdk1.7.0_17\jre\bin\net.dll
0x6e5d0000 - 0x6e5de000 	C:\Program Files\Java\jdk1.7.0_17\jre\bin\nio.dll
0x5ad70000 - 0x5ada8000 	C:\WINDOWS\system32\uxtheme.dll
0x74720000 - 0x7476c000 	C:\WINDOWS\system32\MSCTF.dll
0x64a60000 - 0x64a69000 	C:\Documents and Settings\All Users\Application Data\Real\RealPlayer\BrowserRecordPlugin\Chrome\Hook\rpchrome150browserrecordhelper.dll
0x78520000 - 0x785c3000 	C:\WINDOWS\WinSxS\x86_Microsoft.VC90.CRT_1fc8b3b9a1e18e3b_9.0.30729.1_x-ww_6f74963e\MSVCR90.dll
0x7c9c0000 - 0x7d1d7000 	C:\WINDOWS\system32\SHELL32.dll
0x755c0000 - 0x755ee000 	C:\WINDOWS\system32\msctfime.ime
0x774e0000 - 0x7761e000 	C:\WINDOWS\system32\ole32.dll
0x0b1d0000 - 0x0b40a000 	C:\WINDOWS\system32\iglicd32.dll
0x0b4b0000 - 0x0b532000 	C:\WINDOWS\system32\igldev32.dll
0x73b30000 - 0x73b45000 	C:\WINDOWS\system32\mscms.dll
0x73000000 - 0x73026000 	C:\WINDOWS\system32\WINSPOOL.DRV
0x66e90000 - 0x66ed1000 	C:\WINDOWS\system32\icm32.dll
0x6d110000 - 0x6d252000 	C:\Program Files\Java\jdk1.7.0_17\jre\bin\awt.dll
0x77120000 - 0x771ab000 	C:\WINDOWS\system32\OLEAUT32.dll
0x0b790000 - 0x0b7a3000 	C:\Documents and Settings\Paul Qiu\My Documents\NetBeansProjects\voyagequest\VoyageQuest\lib\CodingVoyage\lwjgl-2.9\native\windows\jinput-dx8.dll
0x6ce10000 - 0x6ce48000 	C:\WINDOWS\system32\DINPUT8.dll
0x688f0000 - 0x688f9000 	C:\WINDOWS\system32\HID.DLL
0x77920000 - 0x77a13000 	C:\WINDOWS\system32\SETUPAPI.DLL
0x76c30000 - 0x76c5e000 	C:\WINDOWS\system32\WINTRUST.dll
0x77a80000 - 0x77b15000 	C:\WINDOWS\system32\CRYPT32.dll
0x77b20000 - 0x77b32000 	C:\WINDOWS\system32\MSASN1.dll
0x76c90000 - 0x76cb8000 	C:\WINDOWS\system32\IMAGEHLP.dll
0x0b920000 - 0x0b932000 	C:\Documents and Settings\Paul Qiu\My Documents\NetBeansProjects\voyagequest\VoyageQuest\lib\CodingVoyage\lwjgl-2.9\native\windows\jinput-raw.dll
0x0ce00000 - 0x0ce65000 	C:\Documents and Settings\Paul Qiu\My Documents\NetBeansProjects\voyagequest\VoyageQuest\lib\CodingVoyage\lwjgl-2.9\native\windows\OpenAL32.dll
0x76fd0000 - 0x7704f000 	C:\WINDOWS\system32\CLBCATQ.DLL
0x77050000 - 0x77115000 	C:\WINDOWS\system32\COMRes.dll
0x73f10000 - 0x73f6c000 	C:\WINDOWS\system32\dsound.dll
0x72d20000 - 0x72d29000 	C:\WINDOWS\system32\wdmaud.drv
0x72d10000 - 0x72d18000 	C:\WINDOWS\system32\msacm32.drv
0x77be0000 - 0x77bf5000 	C:\WINDOWS\system32\MSACM32.dll
0x77bd0000 - 0x77bd7000 	C:\WINDOWS\system32\midimap.dll
0x73ee0000 - 0x73ee4000 	C:\WINDOWS\system32\KsUser.dll
0x59a60000 - 0x59b01000 	C:\WINDOWS\system32\dbghelp.dll

VM Arguments:
jvm_args: -Dfile.encoding=UTF-8 -Djava.library.path=lib\CodingVoyage\lwjgl-2.9\native\windows 
java_command: voyagequest.VoyageQuest
Launcher Type: SUN_STANDARD

Environment Variables:
PATH=C:\WINDOWS\system32;C:\WINDOWS;C:\WINDOWS\System32\Wbem
USERNAME=Paul Qiu
OS=Windows_NT
PROCESSOR_IDENTIFIER=x86 Family 6 Model 14 Stepping 12, GenuineIntel



---------------  S Y S T E M  ---------------

OS: Windows XP Build 2600 Service Pack 3

CPU:total 2 (2 cores per cpu, 1 threads per core) family 6 model 14 stepping 12, cmov, cx8, fxsr, mmx, sse, sse2, sse3, tsc

Memory: 4k page, physical 1562728k(164340k free), swap 3504392k(1983140k free)

vm_info: Java HotSpot(TM) Client VM (23.7-b01) for windows-x86 JRE (1.7.0_17-b02), built on Mar  1 2013 05:04:36 by "java_re" with unknown MS VC++:1600

time: Mon Jun 17 13:41:21 2013
elapsed time: 7 seconds

